<?xml version="1.0" encoding="UTF-8"?>
<!-- Generated by org.testng.reporters.JUnitXMLReporter -->
<testsuite hostname="haribs-SB" ignored="0" name="Default test" tests="2" failures="0" timestamp="03 Jun 2020 00:54:22 GMT" time="26.932" errors="0">
  <testcase name="verifyContactsPageTitleTest" time="0.43" classname="com.qa.hubspot.test.ContactsPageTest"/>
  <testcase name="verifyCreateContactTest" time="5.389" classname="com.qa.hubspot.test.ContactsPageTest"/>
</testsuite> <!-- Default test -->
