<?xml version="1.0" encoding="UTF-8"?>
<!-- Generated by org.testng.reporters.JUnitXMLReporter -->
<testsuite hostname="haribs-SB" ignored="0" name="HubSpot Functional Testing" tests="3" failures="0" timestamp="29 May 2020 21:59:55 GMT" time="19.239" errors="0">
  <testcase name="verifySigupLinkTest" time="5.564" classname="com.qa.hubspot.test.LoginPageTest"/>
  <testcase name="verifyLoginPageTitleTest" time="0.867" classname="com.qa.hubspot.test.LoginPageTest"/>
  <testcase name="verifyLoginTest" time="1.555" classname="com.qa.hubspot.test.LoginPageTest"/>
</testsuite> <!-- HubSpot Functional Testing -->
