<?xml version="1.0" encoding="UTF-8"?>
<!-- Generated by org.testng.reporters.JUnitXMLReporter -->
<testsuite hostname="haribs-SB" ignored="0" name="HubSpot Home Page Test" tests="3" failures="0" timestamp="29 May 2020 21:59:59 GMT" time="22.938" errors="0">
  <testcase name="verifyHomePageHeaderTest" time="3.432" classname="com.qa.hubspot.test.HomePageTest"/>
  <testcase name="verifyLoggedInUserTest" time="0.512" classname="com.qa.hubspot.test.HomePageTest"/>
  <testcase name="verifyHomePageTitleTest" time="0.028" classname="com.qa.hubspot.test.HomePageTest"/>
</testsuite> <!-- HubSpot Home Page Test -->
