<?xml version="1.0" encoding="UTF-8"?>
<testng-results skipped="0" failed="0" ignored="0" total="3" passed="3">
  <reporter-output>
  </reporter-output>
  <suite name="Default suite" duration-ms="13537" started-at="2020-06-13T18:31:26Z" finished-at="2020-06-13T18:31:40Z">
    <groups>
    </groups>
    <test name="Default test" duration-ms="13537" started-at="2020-06-13T18:31:26Z" finished-at="2020-06-13T18:31:40Z">
      <class name="com.qa.hubspot.test.LoginPageTest">
        <test-method status="PASS" signature="setUp()[pri:0, instance:com.qa.hubspot.test.LoginPageTest@57baeedf]" name="setUp" is-config="true" duration-ms="7119" started-at="2020-06-13T18:31:26Z" finished-at="2020-06-13T18:31:33Z">
          <reporter-output>
          </reporter-output>
        </test-method> <!-- setUp -->
        <test-method status="PASS" signature="verifySigupLinkTest()[pri:1, instance:com.qa.hubspot.test.LoginPageTest@57baeedf]" name="verifySigupLinkTest" duration-ms="5156" started-at="2020-06-13T18:31:33Z" finished-at="2020-06-13T18:31:38Z">
          <reporter-output>
          </reporter-output>
        </test-method> <!-- verifySigupLinkTest -->
        <test-method status="PASS" signature="verifyLoginPageTitleTest()[pri:2, instance:com.qa.hubspot.test.LoginPageTest@57baeedf]" name="verifyLoginPageTitleTest" duration-ms="172" started-at="2020-06-13T18:31:38Z" finished-at="2020-06-13T18:31:39Z">
          <reporter-output>
          </reporter-output>
        </test-method> <!-- verifyLoginPageTitleTest -->
        <test-method status="PASS" signature="verifyLoginTest()[pri:3, instance:com.qa.hubspot.test.LoginPageTest@57baeedf]" name="verifyLoginTest" duration-ms="1063" started-at="2020-06-13T18:31:39Z" finished-at="2020-06-13T18:31:40Z">
          <reporter-output>
          </reporter-output>
        </test-method> <!-- verifyLoginTest -->
        <test-method status="PASS" signature="tearDown()[pri:0, instance:com.qa.hubspot.test.LoginPageTest@57baeedf]" name="tearDown" is-config="true" duration-ms="0" started-at="2020-06-13T18:31:40Z" finished-at="2020-06-13T18:31:40Z">
          <reporter-output>
          </reporter-output>
        </test-method> <!-- tearDown -->
      </class> <!-- com.qa.hubspot.test.LoginPageTest -->
    </test> <!-- Default test -->
  </suite> <!-- Default suite -->
</testng-results>
