<?xml version="1.0" encoding="UTF-8"?>
<testng-results skipped="0" failed="0" ignored="0" total="2" passed="2">
  <reporter-output>
  </reporter-output>
  <suite name="Default suite" duration-ms="26932" started-at="2020-06-03T00:53:55Z" finished-at="2020-06-03T00:54:22Z">
    <groups>
    </groups>
    <test name="Default test" duration-ms="26932" started-at="2020-06-03T00:53:55Z" finished-at="2020-06-03T00:54:22Z">
      <class name="com.qa.hubspot.test.ContactsPageTest">
        <test-method status="PASS" signature="setUp()[pri:0, instance:com.qa.hubspot.test.ContactsPageTest@343f4d3d]" name="setUp" is-config="true" duration-ms="8242" started-at="2020-06-03T00:53:55Z" finished-at="2020-06-03T00:54:03Z">
          <reporter-output>
          </reporter-output>
        </test-method> <!-- setUp -->
        <test-method status="PASS" signature="contactsPageSetup()[pri:0, instance:com.qa.hubspot.test.ContactsPageTest@343f4d3d]" name="contactsPageSetup" is-config="true" duration-ms="12812" started-at="2020-06-03T00:54:03Z" finished-at="2020-06-03T00:54:16Z">
          <reporter-output>
          </reporter-output>
        </test-method> <!-- contactsPageSetup -->
        <test-method status="PASS" signature="verifyContactsPageTitleTest()[pri:1, instance:com.qa.hubspot.test.ContactsPageTest@343f4d3d]" name="verifyContactsPageTitleTest" duration-ms="430" started-at="2020-06-03T00:54:16Z" finished-at="2020-06-03T00:54:16Z">
          <reporter-output>
          </reporter-output>
        </test-method> <!-- verifyContactsPageTitleTest -->
        <test-method status="PASS" signature="verifyCreateContactTest()[pri:2, instance:com.qa.hubspot.test.ContactsPageTest@343f4d3d]" name="verifyCreateContactTest" duration-ms="5389" started-at="2020-06-03T00:54:16Z" finished-at="2020-06-03T00:54:22Z">
          <reporter-output>
          </reporter-output>
        </test-method> <!-- verifyCreateContactTest -->
        <test-method status="PASS" signature="tearDown()[pri:0, instance:com.qa.hubspot.test.ContactsPageTest@343f4d3d]" name="tearDown" is-config="true" duration-ms="1" started-at="2020-06-03T00:54:22Z" finished-at="2020-06-03T00:54:22Z">
          <reporter-output>
          </reporter-output>
        </test-method> <!-- tearDown -->
      </class> <!-- com.qa.hubspot.test.ContactsPageTest -->
    </test> <!-- Default test -->
  </suite> <!-- Default suite -->
</testng-results>
